<?xml version="1.0" encoding="UTF-8"?>
<!-- Generated by org.testng.reporters.JUnitXMLReporter -->
<testsuite ignored="0" hostname="DESKTOP-HDPLE11" failures="0" tests="10" name="Default test" time="13.246" errors="0" timestamp="2024-02-16T15:58:02 IST">
  <testcase classname="api.test.DataDrivenTest" name="testCreateUser" time="4.583"/>
  <testcase classname="api.test.DataDrivenTest" name="testCreateUser" time="0.507"/>
  <testcase classname="api.test.DataDrivenTest" name="testCreateUser" time="0.568"/>
  <testcase classname="api.test.DataDrivenTest" name="testCreateUser" time="0.498"/>
  <testcase classname="api.test.DataDrivenTest" name="testCreateUser" time="0.484"/>
  <testcase classname="api.test.DataDrivenTest" name="testCreateUser" time="0.531"/>
  <testcase classname="api.test.DataDrivenTest" name="testCreateUser" time="1.158"/>
  <testcase classname="api.test.DataDrivenTest" name="testCreateUser" time="0.516"/>
  <testcase classname="api.test.DataDrivenTest" name="testCreateUser" time="0.479"/>
  <testcase classname="api.test.DataDrivenTest" name="testCreateUser" time="0.494"/>
</testsuite> <!-- Default test -->
