<?xml version="1.0" encoding="UTF-8"?>
<!-- Generated by org.testng.reporters.JUnitXMLReporter -->
<testsuite ignored="0" hostname="DESKTOP-HDPLE11" failures="0" tests="4" name="Default test" time="8.79" errors="0" timestamp="2024-01-11T20:13:54 IST">
  <testcase classname="api.test.UserTest_UsingPropertiesFile" name="testCreateUser" time="5.361"/>
  <testcase classname="api.test.UserTest_UsingPropertiesFile" name="testGETUser" time="0.711"/>
  <testcase classname="api.test.UserTest_UsingPropertiesFile" name="testUpdateUser" time="1.03"/>
  <testcase classname="api.test.UserTest_UsingPropertiesFile" name="testDeleteUser" time="0.859"/>
</testsuite> <!-- Default test -->
