<?xml version="1.0" encoding="UTF-8"?>
<!-- Generated by org.testng.reporters.JUnitXMLReporter -->
<testsuite ignored="0" hostname="DESKTOP-HDPLE11" failures="0" tests="14" name="Test" time="14.124" errors="0" timestamp="2024-01-12T11:28:00 IST">
  <testcase classname="api.test.DataDrivenTest" name="testCreateUser" time="2.914"/>
  <testcase classname="api.test.DataDrivenTest" name="testCreateUser" time="0.635"/>
  <testcase classname="api.test.DataDrivenTest" name="testCreateUser" time="0.648"/>
  <testcase classname="api.test.DataDrivenTest" name="testCreateUser" time="0.659"/>
  <testcase classname="api.test.DataDrivenTest" name="testCreateUser" time="0.617"/>
  <testcase classname="api.test.DataDrivenTest" name="testCreateUser" time="0.638"/>
  <testcase classname="api.test.DataDrivenTest" name="testCreateUser" time="0.642"/>
  <testcase classname="api.test.DataDrivenTest" name="testCreateUser" time="0.646"/>
  <testcase classname="api.test.DataDrivenTest" name="testCreateUser" time="0.625"/>
  <testcase classname="api.test.DataDrivenTest" name="testCreateUser" time="0.642"/>
  <testcase classname="api.test.UserTest" name="testCreateUser" time="0.678"/>
  <testcase classname="api.test.UserTest" name="testGETUser" time="0.317"/>
  <testcase classname="api.test.UserTest" name="testUpdateUser" time="0.615"/>
  <testcase classname="api.test.UserTest" name="testDeleteUser" time="0.647"/>
</testsuite> <!-- Test -->
