<?xml version="1.0" encoding="UTF-8"?>
<!-- Generated by org.testng.reporters.JUnitXMLReporter -->
<testsuite ignored="0" hostname="DESKTOP-HDPLE11" failures="0" tests="14" name="Test" time="14.156" errors="0" timestamp="2024-01-12T11:35:52 IST">
  <testcase classname="api.test.DataDrivenTest" name="testCreateUser" time="2.588"/>
  <testcase classname="api.test.DataDrivenTest" name="testCreateUser" time="0.629"/>
  <testcase classname="api.test.DataDrivenTest" name="testCreateUser" time="0.666"/>
  <testcase classname="api.test.DataDrivenTest" name="testCreateUser" time="0.666"/>
  <testcase classname="api.test.DataDrivenTest" name="testCreateUser" time="0.675"/>
  <testcase classname="api.test.DataDrivenTest" name="testCreateUser" time="0.668"/>
  <testcase classname="api.test.DataDrivenTest" name="testCreateUser" time="0.68"/>
  <testcase classname="api.test.DataDrivenTest" name="testCreateUser" time="0.673"/>
  <testcase classname="api.test.DataDrivenTest" name="testCreateUser" time="0.669"/>
  <testcase classname="api.test.DataDrivenTest" name="testCreateUser" time="0.663"/>
  <testcase classname="api.test.UserTest" name="testCreateUser" time="0.636"/>
  <testcase classname="api.test.UserTest" name="testGETUser" time="0.393"/>
  <testcase classname="api.test.UserTest" name="testUpdateUser" time="0.647"/>
  <testcase classname="api.test.UserTest" name="testDeleteUser" time="0.679"/>
</testsuite> <!-- Test -->
