<?xml version="1.0" encoding="UTF-8"?>
<!-- Generated by org.testng.reporters.JUnitXMLReporter -->
<testsuite ignored="0" hostname="DESKTOP-HDPLE11" failures="0" tests="14" name="Test" time="13.371" errors="0" timestamp="2024-01-12T13:49:36 IST">
  <testcase classname="api.test.DataDrivenTest" name="testCreateUser" time="2.49"/>
  <testcase classname="api.test.DataDrivenTest" name="testCreateUser" time="0.65"/>
  <testcase classname="api.test.DataDrivenTest" name="testCreateUser" time="0.65"/>
  <testcase classname="api.test.DataDrivenTest" name="testCreateUser" time="0.653"/>
  <testcase classname="api.test.DataDrivenTest" name="testCreateUser" time="0.995"/>
  <testcase classname="api.test.DataDrivenTest" name="testCreateUser" time="0.647"/>
  <testcase classname="api.test.DataDrivenTest" name="testCreateUser" time="0.654"/>
  <testcase classname="api.test.DataDrivenTest" name="testCreateUser" time="0.659"/>
  <testcase classname="api.test.DataDrivenTest" name="testCreateUser" time="0.659"/>
  <testcase classname="api.test.DataDrivenTest" name="testCreateUser" time="0.624"/>
  <testcase classname="api.test.UserTest" name="testCreateUser" time="0.624"/>
  <testcase classname="api.test.UserTest" name="testGETUser" time="0.314"/>
  <testcase classname="api.test.UserTest" name="testUpdateUser" time="0.612"/>
  <testcase classname="api.test.UserTest" name="testDeleteUser" time="0.669"/>
</testsuite> <!-- Test -->
