<?xml version="1.0" encoding="UTF-8"?>
<testng-results ignored="0" total="14" passed="14" failed="0" skipped="0">
  <reporter-output>
  </reporter-output>
  <suite started-at="2024-01-12T11:35:37 IST" name="Suite" finished-at="2024-01-12T11:35:51 IST" duration-ms="14156">
    <groups>
    </groups>
    <test started-at="2024-01-12T11:35:37 IST" name="Test" finished-at="2024-01-12T11:35:51 IST" duration-ms="14156">
      <class name="api.test.UserTest">
        <test-method is-config="true" signature="bodySetupdata()[pri:0, instance:api.test.UserTest@38afe297]" started-at="2024-01-12T11:35:48 IST" name="bodySetupdata" finished-at="2024-01-12T11:35:49 IST" duration-ms="469" status="PASS">
          <reporter-output>
          </reporter-output>
        </test-method> <!-- bodySetupdata -->
        <test-method signature="testCreateUser()[pri:1, instance:api.test.UserTest@38afe297]" started-at="2024-01-12T11:35:49 IST" name="testCreateUser" finished-at="2024-01-12T11:35:49 IST" duration-ms="636" status="PASS">
          <reporter-output>
          </reporter-output>
        </test-method> <!-- testCreateUser -->
        <test-method signature="testGETUser()[pri:2, instance:api.test.UserTest@38afe297]" started-at="2024-01-12T11:35:49 IST" name="testGETUser" finished-at="2024-01-12T11:35:50 IST" duration-ms="393" status="PASS">
          <reporter-output>
          </reporter-output>
        </test-method> <!-- testGETUser -->
        <test-method signature="testUpdateUser()[pri:3, instance:api.test.UserTest@38afe297]" started-at="2024-01-12T11:35:50 IST" name="testUpdateUser" finished-at="2024-01-12T11:35:50 IST" duration-ms="647" status="PASS">
          <reporter-output>
          </reporter-output>
        </test-method> <!-- testUpdateUser -->
        <test-method signature="testDeleteUser()[pri:4, instance:api.test.UserTest@38afe297]" started-at="2024-01-12T11:35:50 IST" name="testDeleteUser" finished-at="2024-01-12T11:35:51 IST" duration-ms="679" status="PASS">
          <reporter-output>
          </reporter-output>
        </test-method> <!-- testDeleteUser -->
      </class> <!-- api.test.UserTest -->
      <class name="api.test.DataDrivenTest">
        <test-method signature="testCreateUser(java.lang.String,java.lang.String)[pri:1, instance:api.test.DataDrivenTest@3c9754d8]" started-at="2024-01-12T11:35:39 IST" name="testCreateUser" data-provider="userData" finished-at="2024-01-12T11:35:42 IST" duration-ms="2588" status="PASS">
          <params>
            <param index="0">
              <value>
                <![CDATA[Ajay Shelke]]>
              </value>
            </param>
            <param index="1">
              <value>
                <![CDATA[Leader]]>
              </value>
            </param>
          </params>
          <reporter-output>
          </reporter-output>
        </test-method> <!-- testCreateUser -->
        <test-method signature="testCreateUser(java.lang.String,java.lang.String)[pri:1, instance:api.test.DataDrivenTest@3c9754d8]" started-at="2024-01-12T11:35:42 IST" name="testCreateUser" data-provider="userData" finished-at="2024-01-12T11:35:43 IST" duration-ms="629" status="PASS">
          <params>
            <param index="0">
              <value>
                <![CDATA[Akshay S]]>
              </value>
            </param>
            <param index="1">
              <value>
                <![CDATA[Technlogy Leader]]>
              </value>
            </param>
          </params>
          <reporter-output>
          </reporter-output>
        </test-method> <!-- testCreateUser -->
        <test-method signature="testCreateUser(java.lang.String,java.lang.String)[pri:1, instance:api.test.DataDrivenTest@3c9754d8]" started-at="2024-01-12T11:35:43 IST" name="testCreateUser" data-provider="userData" finished-at="2024-01-12T11:35:43 IST" duration-ms="666" status="PASS">
          <params>
            <param index="0">
              <value>
                <![CDATA[Vikas Gupta]]>
              </value>
            </param>
            <param index="1">
              <value>
                <![CDATA[Manager]]>
              </value>
            </param>
          </params>
          <reporter-output>
          </reporter-output>
        </test-method> <!-- testCreateUser -->
        <test-method signature="testCreateUser(java.lang.String,java.lang.String)[pri:1, instance:api.test.DataDrivenTest@3c9754d8]" started-at="2024-01-12T11:35:43 IST" name="testCreateUser" data-provider="userData" finished-at="2024-01-12T11:35:44 IST" duration-ms="666" status="PASS">
          <params>
            <param index="0">
              <value>
                <![CDATA[Sunny S]]>
              </value>
            </param>
            <param index="1">
              <value>
                <![CDATA[Engineer]]>
              </value>
            </param>
          </params>
          <reporter-output>
          </reporter-output>
        </test-method> <!-- testCreateUser -->
        <test-method signature="testCreateUser(java.lang.String,java.lang.String)[pri:1, instance:api.test.DataDrivenTest@3c9754d8]" started-at="2024-01-12T11:35:44 IST" name="testCreateUser" data-provider="userData" finished-at="2024-01-12T11:35:45 IST" duration-ms="675" status="PASS">
          <params>
            <param index="0">
              <value>
                <![CDATA[Amruta K]]>
              </value>
            </param>
            <param index="1">
              <value>
                <![CDATA[TA]]>
              </value>
            </param>
          </params>
          <reporter-output>
          </reporter-output>
        </test-method> <!-- testCreateUser -->
        <test-method signature="testCreateUser(java.lang.String)[pri:2, instance:api.test.DataDrivenTest@3c9754d8]" started-at="2024-01-12T11:35:45 IST" name="testCreateUser" data-provider="userNames" finished-at="2024-01-12T11:35:45 IST" duration-ms="668" status="PASS">
          <params>
            <param index="0">
              <value>
                <![CDATA[Ajay Shelke]]>
              </value>
            </param>
          </params>
          <reporter-output>
          </reporter-output>
        </test-method> <!-- testCreateUser -->
        <test-method signature="testCreateUser(java.lang.String)[pri:2, instance:api.test.DataDrivenTest@3c9754d8]" started-at="2024-01-12T11:35:45 IST" name="testCreateUser" data-provider="userNames" finished-at="2024-01-12T11:35:46 IST" duration-ms="680" status="PASS">
          <params>
            <param index="0">
              <value>
                <![CDATA[Akshay S]]>
              </value>
            </param>
          </params>
          <reporter-output>
          </reporter-output>
        </test-method> <!-- testCreateUser -->
        <test-method signature="testCreateUser(java.lang.String)[pri:2, instance:api.test.DataDrivenTest@3c9754d8]" started-at="2024-01-12T11:35:46 IST" name="testCreateUser" data-provider="userNames" finished-at="2024-01-12T11:35:47 IST" duration-ms="673" status="PASS">
          <params>
            <param index="0">
              <value>
                <![CDATA[Vikas Gupta]]>
              </value>
            </param>
          </params>
          <reporter-output>
          </reporter-output>
        </test-method> <!-- testCreateUser -->
        <test-method signature="testCreateUser(java.lang.String)[pri:2, instance:api.test.DataDrivenTest@3c9754d8]" started-at="2024-01-12T11:35:47 IST" name="testCreateUser" data-provider="userNames" finished-at="2024-01-12T11:35:47 IST" duration-ms="669" status="PASS">
          <params>
            <param index="0">
              <value>
                <![CDATA[Sunny S]]>
              </value>
            </param>
          </params>
          <reporter-output>
          </reporter-output>
        </test-method> <!-- testCreateUser -->
        <test-method signature="testCreateUser(java.lang.String)[pri:2, instance:api.test.DataDrivenTest@3c9754d8]" started-at="2024-01-12T11:35:47 IST" name="testCreateUser" data-provider="userNames" finished-at="2024-01-12T11:35:48 IST" duration-ms="663" status="PASS">
          <params>
            <param index="0">
              <value>
                <![CDATA[Amruta K]]>
              </value>
            </param>
          </params>
          <reporter-output>
          </reporter-output>
        </test-method> <!-- testCreateUser -->
      </class> <!-- api.test.DataDrivenTest -->
    </test> <!-- Test -->
  </suite> <!-- Suite -->
</testng-results>
