<?xml version="1.0" encoding="UTF-8"?>
<testng-results ignored="0" total="14" passed="14" failed="0" skipped="0">
  <reporter-output>
  </reporter-output>
  <suite started-at="2024-01-12T13:49:22 IST" name="Suite" finished-at="2024-01-12T13:49:35 IST" duration-ms="13371">
    <groups>
    </groups>
    <test started-at="2024-01-12T13:49:22 IST" name="Test" finished-at="2024-01-12T13:49:35 IST" duration-ms="13371">
      <class name="api.test.UserTest">
        <test-method is-config="true" signature="bodySetupdata()[pri:0, instance:api.test.UserTest@38afe297]" started-at="2024-01-12T13:49:33 IST" name="bodySetupdata" finished-at="2024-01-12T13:49:33 IST" duration-ms="361" status="PASS">
          <reporter-output>
          </reporter-output>
        </test-method> <!-- bodySetupdata -->
        <test-method signature="testCreateUser()[pri:1, instance:api.test.UserTest@38afe297]" started-at="2024-01-12T13:49:33 IST" name="testCreateUser" finished-at="2024-01-12T13:49:34 IST" duration-ms="624" status="PASS">
          <reporter-output>
          </reporter-output>
        </test-method> <!-- testCreateUser -->
        <test-method signature="testGETUser()[pri:2, instance:api.test.UserTest@38afe297]" started-at="2024-01-12T13:49:34 IST" name="testGETUser" finished-at="2024-01-12T13:49:34 IST" duration-ms="314" status="PASS">
          <reporter-output>
          </reporter-output>
        </test-method> <!-- testGETUser -->
        <test-method signature="testUpdateUser()[pri:3, instance:api.test.UserTest@38afe297]" started-at="2024-01-12T13:49:34 IST" name="testUpdateUser" finished-at="2024-01-12T13:49:34 IST" duration-ms="612" status="PASS">
          <reporter-output>
          </reporter-output>
        </test-method> <!-- testUpdateUser -->
        <test-method signature="testDeleteUser()[pri:4, instance:api.test.UserTest@38afe297]" started-at="2024-01-12T13:49:34 IST" name="testDeleteUser" finished-at="2024-01-12T13:49:35 IST" duration-ms="669" status="PASS">
          <reporter-output>
          </reporter-output>
        </test-method> <!-- testDeleteUser -->
      </class> <!-- api.test.UserTest -->
      <class name="api.test.DataDrivenTest">
        <test-method signature="testCreateUser(java.lang.String,java.lang.String)[pri:1, instance:api.test.DataDrivenTest@3c9754d8]" started-at="2024-01-12T13:49:24 IST" name="testCreateUser" data-provider="userData" finished-at="2024-01-12T13:49:26 IST" duration-ms="2490" status="PASS">
          <params>
            <param index="0">
              <value>
                <![CDATA[Ajay Shelke]]>
              </value>
            </param>
            <param index="1">
              <value>
                <![CDATA[Leader]]>
              </value>
            </param>
          </params>
          <reporter-output>
          </reporter-output>
        </test-method> <!-- testCreateUser -->
        <test-method signature="testCreateUser(java.lang.String,java.lang.String)[pri:1, instance:api.test.DataDrivenTest@3c9754d8]" started-at="2024-01-12T13:49:26 IST" name="testCreateUser" data-provider="userData" finished-at="2024-01-12T13:49:27 IST" duration-ms="650" status="PASS">
          <params>
            <param index="0">
              <value>
                <![CDATA[Akshay S]]>
              </value>
            </param>
            <param index="1">
              <value>
                <![CDATA[Technlogy Leader]]>
              </value>
            </param>
          </params>
          <reporter-output>
          </reporter-output>
        </test-method> <!-- testCreateUser -->
        <test-method signature="testCreateUser(java.lang.String,java.lang.String)[pri:1, instance:api.test.DataDrivenTest@3c9754d8]" started-at="2024-01-12T13:49:27 IST" name="testCreateUser" data-provider="userData" finished-at="2024-01-12T13:49:27 IST" duration-ms="650" status="PASS">
          <params>
            <param index="0">
              <value>
                <![CDATA[Vikas Gupta]]>
              </value>
            </param>
            <param index="1">
              <value>
                <![CDATA[Manager]]>
              </value>
            </param>
          </params>
          <reporter-output>
          </reporter-output>
        </test-method> <!-- testCreateUser -->
        <test-method signature="testCreateUser(java.lang.String,java.lang.String)[pri:1, instance:api.test.DataDrivenTest@3c9754d8]" started-at="2024-01-12T13:49:27 IST" name="testCreateUser" data-provider="userData" finished-at="2024-01-12T13:49:28 IST" duration-ms="653" status="PASS">
          <params>
            <param index="0">
              <value>
                <![CDATA[Sunny S]]>
              </value>
            </param>
            <param index="1">
              <value>
                <![CDATA[Engineer]]>
              </value>
            </param>
          </params>
          <reporter-output>
          </reporter-output>
        </test-method> <!-- testCreateUser -->
        <test-method signature="testCreateUser(java.lang.String,java.lang.String)[pri:1, instance:api.test.DataDrivenTest@3c9754d8]" started-at="2024-01-12T13:49:28 IST" name="testCreateUser" data-provider="userData" finished-at="2024-01-12T13:49:29 IST" duration-ms="995" status="PASS">
          <params>
            <param index="0">
              <value>
                <![CDATA[Amruta K]]>
              </value>
            </param>
            <param index="1">
              <value>
                <![CDATA[TA]]>
              </value>
            </param>
          </params>
          <reporter-output>
          </reporter-output>
        </test-method> <!-- testCreateUser -->
        <test-method signature="testCreateUser(java.lang.String)[pri:2, instance:api.test.DataDrivenTest@3c9754d8]" started-at="2024-01-12T13:49:29 IST" name="testCreateUser" data-provider="userNames" finished-at="2024-01-12T13:49:30 IST" duration-ms="647" status="PASS">
          <params>
            <param index="0">
              <value>
                <![CDATA[Ajay Shelke]]>
              </value>
            </param>
          </params>
          <reporter-output>
          </reporter-output>
        </test-method> <!-- testCreateUser -->
        <test-method signature="testCreateUser(java.lang.String)[pri:2, instance:api.test.DataDrivenTest@3c9754d8]" started-at="2024-01-12T13:49:30 IST" name="testCreateUser" data-provider="userNames" finished-at="2024-01-12T13:49:31 IST" duration-ms="654" status="PASS">
          <params>
            <param index="0">
              <value>
                <![CDATA[Akshay S]]>
              </value>
            </param>
          </params>
          <reporter-output>
          </reporter-output>
        </test-method> <!-- testCreateUser -->
        <test-method signature="testCreateUser(java.lang.String)[pri:2, instance:api.test.DataDrivenTest@3c9754d8]" started-at="2024-01-12T13:49:31 IST" name="testCreateUser" data-provider="userNames" finished-at="2024-01-12T13:49:31 IST" duration-ms="659" status="PASS">
          <params>
            <param index="0">
              <value>
                <![CDATA[Vikas Gupta]]>
              </value>
            </param>
          </params>
          <reporter-output>
          </reporter-output>
        </test-method> <!-- testCreateUser -->
        <test-method signature="testCreateUser(java.lang.String)[pri:2, instance:api.test.DataDrivenTest@3c9754d8]" started-at="2024-01-12T13:49:31 IST" name="testCreateUser" data-provider="userNames" finished-at="2024-01-12T13:49:32 IST" duration-ms="659" status="PASS">
          <params>
            <param index="0">
              <value>
                <![CDATA[Sunny S]]>
              </value>
            </param>
          </params>
          <reporter-output>
          </reporter-output>
        </test-method> <!-- testCreateUser -->
        <test-method signature="testCreateUser(java.lang.String)[pri:2, instance:api.test.DataDrivenTest@3c9754d8]" started-at="2024-01-12T13:49:32 IST" name="testCreateUser" data-provider="userNames" finished-at="2024-01-12T13:49:33 IST" duration-ms="624" status="PASS">
          <params>
            <param index="0">
              <value>
                <![CDATA[Amruta K]]>
              </value>
            </param>
          </params>
          <reporter-output>
          </reporter-output>
        </test-method> <!-- testCreateUser -->
      </class> <!-- api.test.DataDrivenTest -->
    </test> <!-- Test -->
  </suite> <!-- Suite -->
</testng-results>
