<?xml version="1.0" encoding="UTF-8"?>
<testsuite xmlns:xsi="http://www.w3.org/2001/XMLSchema-instance" xsi:noNamespaceSchemaLocation="https://maven.apache.org/surefire/maven-surefire-plugin/xsd/surefire-test-report-3.0.xsd" version="3.0" name="TestSuite" time="15.7" tests="14" errors="0" skipped="0" failures="0">
  <properties>
[...]
</properties>
  <testcase name="testCreateUser[Ajay Shelke, Leader](1)" classname="api.test.DataDrivenTest" time="2.604">
    <system-out><![CDATA[11:35:36.817 [main] DEBUG org.testng.TestNG -- suiteXmlPath: "C:\Users\Akshay\API_Automation_Scratch\RestAssuredFrameworkAtID\testng.xml"
HTTP/1.1 201 Created
Date: Fri, 12 Jan 2024 06:05:40 GMT
Content-Type: application/json; charset=utf-8
Content-Length: 51
Connection: keep-alive
Report-To: {"group":"heroku-nel","max_age":3600,"endpoints":[{"url":"https://nel.heroku.com/reports?ts=1705039540&sid=c4c9725f-1ab0-44d8-820f-430df2718e11&s=Pq99ELEHzLbA0vljGk5Do6sjEjr0XOGCK%2BiQYfqEb5k%3D"}]}
Reporting-Endpoints: heroku-nel=https://nel.heroku.com/reports?ts=1705039540&sid=c4c9725f-1ab0-44d8-820f-430df2718e11&s=Pq99ELEHzLbA0vljGk5Do6sjEjr0XOGCK%2BiQYfqEb5k%3D
Nel: {"report_to":"heroku-nel","max_age":3600,"success_fraction":0.005,"failure_fraction":0.05,"response_headers":["Via"]}
X-Powered-By: Express
Access-Control-Allow-Origin: *
Etag: W/"33-vYoA4QY1M+Q123J3cfajf5pi7t8"
Via: 1.1 vegur
CF-Cache-Status: DYNAMIC
Server: cloudflare
CF-RAY: 844335849942a3d3-SIN

{
    "id": "484",
    "createdAt": "2024-01-12T06:05:40.196Z"
}
]]></system-out>
  </testcase>
  <testcase name="testCreateUser[Akshay S, Technlogy Leader](2)" classname="api.test.DataDrivenTest" time="0.629">
    <system-out><![CDATA[HTTP/1.1 201 Created
Date: Fri, 12 Jan 2024 06:05:41 GMT
Content-Type: application/json; charset=utf-8
Content-Length: 50
Connection: keep-alive
Report-To: {"group":"heroku-nel","max_age":3600,"endpoints":[{"url":"https://nel.heroku.com/reports?ts=1705039540&sid=c4c9725f-1ab0-44d8-820f-430df2718e11&s=Pq99ELEHzLbA0vljGk5Do6sjEjr0XOGCK%2BiQYfqEb5k%3D"}]}
Reporting-Endpoints: heroku-nel=https://nel.heroku.com/reports?ts=1705039540&sid=c4c9725f-1ab0-44d8-820f-430df2718e11&s=Pq99ELEHzLbA0vljGk5Do6sjEjr0XOGCK%2BiQYfqEb5k%3D
Nel: {"report_to":"heroku-nel","max_age":3600,"success_fraction":0.005,"failure_fraction":0.05,"response_headers":["Via"]}
X-Powered-By: Express
Access-Control-Allow-Origin: *
Etag: W/"32-Th4VBmgC6P4LwY9SKOLYi46URnk"
Via: 1.1 vegur
CF-Cache-Status: DYNAMIC
Server: cloudflare
CF-RAY: 844335893e874a23-SIN

{
    "id": "94",
    "createdAt": "2024-01-12T06:05:40.938Z"
}
]]></system-out>
  </testcase>
  <testcase name="testCreateUser[Vikas Gupta, Manager](3)" classname="api.test.DataDrivenTest" time="0.667">
    <system-out><![CDATA[HTTP/1.1 201 Created
Date: Fri, 12 Jan 2024 06:05:41 GMT
Content-Type: application/json; charset=utf-8
Content-Length: 51
Connection: keep-alive
Report-To: {"group":"heroku-nel","max_age":3600,"endpoints":[{"url":"https://nel.heroku.com/reports?ts=1705039541&sid=c4c9725f-1ab0-44d8-820f-430df2718e11&s=MtMap%2BZ%2BQIe0jZ9yOJ%2B0VM%2FjC%2F%2Bi9TPv9ZGcw5xawhI%3D"}]}
Reporting-Endpoints: heroku-nel=https://nel.heroku.com/reports?ts=1705039541&sid=c4c9725f-1ab0-44d8-820f-430df2718e11&s=MtMap%2BZ%2BQIe0jZ9yOJ%2B0VM%2FjC%2F%2Bi9TPv9ZGcw5xawhI%3D
Nel: {"report_to":"heroku-nel","max_age":3600,"success_fraction":0.005,"failure_fraction":0.05,"response_headers":["Via"]}
X-Powered-By: Express
Access-Control-Allow-Origin: *
Etag: W/"33-Yg6dgFl07HbVforD1sfwfK6AkaA"
Via: 1.1 vegur
CF-Cache-Status: DYNAMIC
Server: cloudflare
CF-RAY: 8443358d48ee4b8c-SIN

{
    "id": "228",
    "createdAt": "2024-01-12T06:05:41.594Z"
}
]]></system-out>
  </testcase>
  <testcase name="testCreateUser[Sunny S, Engineer](4)" classname="api.test.DataDrivenTest" time="0.669">
    <system-out><![CDATA[HTTP/1.1 201 Created
Date: Fri, 12 Jan 2024 06:05:42 GMT
Content-Type: application/json; charset=utf-8
Content-Length: 50
Connection: keep-alive
Report-To: {"group":"heroku-nel","max_age":3600,"endpoints":[{"url":"https://nel.heroku.com/reports?ts=1705039542&sid=c4c9725f-1ab0-44d8-820f-430df2718e11&s=AMDlxO6ZtBoCPeWPd3%2BD3%2FH76%2BQVR%2FnaXqPiqRjbDTs%3D"}]}
Reporting-Endpoints: heroku-nel=https://nel.heroku.com/reports?ts=1705039542&sid=c4c9725f-1ab0-44d8-820f-430df2718e11&s=AMDlxO6ZtBoCPeWPd3%2BD3%2FH76%2BQVR%2FnaXqPiqRjbDTs%3D
Nel: {"report_to":"heroku-nel","max_age":3600,"success_fraction":0.005,"failure_fraction":0.05,"response_headers":["Via"]}
X-Powered-By: Express
Access-Control-Allow-Origin: *
Etag: W/"32-yIjwsXNvWnwZHT7zUofkI7lIjHs"
Via: 1.1 vegur
CF-Cache-Status: DYNAMIC
Server: cloudflare
CF-RAY: 844335915a245fa2-SIN

{
    "id": "11",
    "createdAt": "2024-01-12T06:05:42.265Z"
}
]]></system-out>
  </testcase>
  <testcase name="testCreateUser[Amruta K, TA](5)" classname="api.test.DataDrivenTest" time="0.678">
    <system-out><![CDATA[HTTP/1.1 201 Created
Date: Fri, 12 Jan 2024 06:05:43 GMT
Content-Type: application/json; charset=utf-8
Content-Length: 51
Connection: keep-alive
Report-To: {"group":"heroku-nel","max_age":3600,"endpoints":[{"url":"https://nel.heroku.com/reports?ts=1705039542&sid=c4c9725f-1ab0-44d8-820f-430df2718e11&s=AMDlxO6ZtBoCPeWPd3%2BD3%2FH76%2BQVR%2FnaXqPiqRjbDTs%3D"}]}
Reporting-Endpoints: heroku-nel=https://nel.heroku.com/reports?ts=1705039542&sid=c4c9725f-1ab0-44d8-820f-430df2718e11&s=AMDlxO6ZtBoCPeWPd3%2BD3%2FH76%2BQVR%2FnaXqPiqRjbDTs%3D
Nel: {"report_to":"heroku-nel","max_age":3600,"success_fraction":0.005,"failure_fraction":0.05,"response_headers":["Via"]}
X-Powered-By: Express
Access-Control-Allow-Origin: *
Etag: W/"33-8sxr8pJE6DeYlDshrC48TycvbeQ"
Via: 1.1 vegur
CF-Cache-Status: DYNAMIC
Server: cloudflare
CF-RAY: 84433595cedc5f81-SIN

{
    "id": "460",
    "createdAt": "2024-01-12T06:05:42.947Z"
}
]]></system-out>
  </testcase>
  <testcase name="testCreateUser[Ajay Shelke](1)" classname="api.test.DataDrivenTest" time="0.673">
    <system-out><![CDATA[HTTP/1.1 201 Created
Date: Fri, 12 Jan 2024 06:05:43 GMT
Content-Type: application/json; charset=utf-8
Content-Length: 50
Connection: keep-alive
Report-To: {"group":"heroku-nel","max_age":3600,"endpoints":[{"url":"https://nel.heroku.com/reports?ts=1705039543&sid=c4c9725f-1ab0-44d8-820f-430df2718e11&s=rCqbOWOFbyizLkMBW1HaIQUwxgpFvkI%2FFuvPpkDcy%2BM%3D"}]}
Reporting-Endpoints: heroku-nel=https://nel.heroku.com/reports?ts=1705039543&sid=c4c9725f-1ab0-44d8-820f-430df2718e11&s=rCqbOWOFbyizLkMBW1HaIQUwxgpFvkI%2FFuvPpkDcy%2BM%3D
Nel: {"report_to":"heroku-nel","max_age":3600,"success_fraction":0.005,"failure_fraction":0.05,"response_headers":["Via"]}
X-Powered-By: Express
Access-Control-Allow-Origin: *
Etag: W/"32-f1cUlvOr5OTj3DXjGIo6skkz9dI"
Via: 1.1 vegur
CF-Cache-Status: DYNAMIC
Server: cloudflare
CF-RAY: 8443359b181eab5f-SIN

{
    "id": "34",
    "createdAt": "2024-01-12T06:05:43.815Z"
}
]]></system-out>
  </testcase>
  <testcase name="testCreateUser[Akshay S](2)" classname="api.test.DataDrivenTest" time="0.675">
    <system-out><![CDATA[HTTP/1.1 201 Created
Date: Fri, 12 Jan 2024 06:05:44 GMT
Content-Type: application/json; charset=utf-8
Content-Length: 50
Connection: keep-alive
Report-To: {"group":"heroku-nel","max_age":3600,"endpoints":[{"url":"https://nel.heroku.com/reports?ts=1705039544&sid=c4c9725f-1ab0-44d8-820f-430df2718e11&s=Ge3NEsMsSCuStbzkDmtpsYHLbUhQLu%2BAHZ4aTJKZBbI%3D"}]}
Reporting-Endpoints: heroku-nel=https://nel.heroku.com/reports?ts=1705039544&sid=c4c9725f-1ab0-44d8-820f-430df2718e11&s=Ge3NEsMsSCuStbzkDmtpsYHLbUhQLu%2BAHZ4aTJKZBbI%3D
Nel: {"report_to":"heroku-nel","max_age":3600,"success_fraction":0.005,"failure_fraction":0.05,"response_headers":["Via"]}
X-Powered-By: Express
Access-Control-Allow-Origin: *
Etag: W/"32-8ezdjaEtWPRoA1t3dwIH/AvhYI4"
Via: 1.1 vegur
CF-Cache-Status: DYNAMIC
Server: cloudflare
CF-RAY: 8443359f6a8f4963-SIN

{
    "id": "73",
    "createdAt": "2024-01-12T06:05:44.507Z"
}
]]></system-out>
  </testcase>
  <testcase name="testCreateUser[Vikas Gupta](3)" classname="api.test.DataDrivenTest" time="0.674">
    <system-out><![CDATA[HTTP/1.1 201 Created
Date: Fri, 12 Jan 2024 06:05:45 GMT
Content-Type: application/json; charset=utf-8
Content-Length: 51
Connection: keep-alive
Report-To: {"group":"heroku-nel","max_age":3600,"endpoints":[{"url":"https://nel.heroku.com/reports?ts=1705039545&sid=c4c9725f-1ab0-44d8-820f-430df2718e11&s=D1WYH9Nmey9YQdrc9g6LqfIbEnL7ebB198Rkm04wz48%3D"}]}
Reporting-Endpoints: heroku-nel=https://nel.heroku.com/reports?ts=1705039545&sid=c4c9725f-1ab0-44d8-820f-430df2718e11&s=D1WYH9Nmey9YQdrc9g6LqfIbEnL7ebB198Rkm04wz48%3D
Nel: {"report_to":"heroku-nel","max_age":3600,"success_fraction":0.005,"failure_fraction":0.05,"response_headers":["Via"]}
X-Powered-By: Express
Access-Control-Allow-Origin: *
Etag: W/"33-1/hmzXKxIH1LE+nbYgMGf5+7Xqs"
Via: 1.1 vegur
CF-Cache-Status: DYNAMIC
Server: cloudflare
CF-RAY: 844335a3ac475f90-SIN

{
    "id": "317",
    "createdAt": "2024-01-12T06:05:45.172Z"
}
]]></system-out>
  </testcase>
  <testcase name="testCreateUser[Sunny S](4)" classname="api.test.DataDrivenTest" time="0.671">
    <system-out><![CDATA[HTTP/1.1 201 Created
Date: Fri, 12 Jan 2024 06:05:45 GMT
Content-Type: application/json; charset=utf-8
Content-Length: 51
Connection: keep-alive
Report-To: {"group":"heroku-nel","max_age":3600,"endpoints":[{"url":"https://nel.heroku.com/reports?ts=1705039545&sid=c4c9725f-1ab0-44d8-820f-430df2718e11&s=D1WYH9Nmey9YQdrc9g6LqfIbEnL7ebB198Rkm04wz48%3D"}]}
Reporting-Endpoints: heroku-nel=https://nel.heroku.com/reports?ts=1705039545&sid=c4c9725f-1ab0-44d8-820f-430df2718e11&s=D1WYH9Nmey9YQdrc9g6LqfIbEnL7ebB198Rkm04wz48%3D
Nel: {"report_to":"heroku-nel","max_age":3600,"success_fraction":0.005,"failure_fraction":0.05,"response_headers":["Via"]}
X-Powered-By: Express
Access-Control-Allow-Origin: *
Etag: W/"33-CdiWB/0XC5C/L7pnO8qb2DGH634"
Via: 1.1 vegur
CF-Cache-Status: DYNAMIC
Server: cloudflare
CF-RAY: 844335a7d9244947-SIN

{
    "id": "619",
    "createdAt": "2024-01-12T06:05:45.849Z"
}
]]></system-out>
  </testcase>
  <testcase name="testCreateUser[Amruta K](5)" classname="api.test.DataDrivenTest" time="0.664">
    <system-out><![CDATA[HTTP/1.1 201 Created
Date: Fri, 12 Jan 2024 06:05:46 GMT
Content-Type: application/json; charset=utf-8
Content-Length: 51
Connection: keep-alive
Report-To: {"group":"heroku-nel","max_age":3600,"endpoints":[{"url":"https://nel.heroku.com/reports?ts=1705039546&sid=c4c9725f-1ab0-44d8-820f-430df2718e11&s=n92GF9%2BI9dw0BW3vwITjGSnWsobs0ICaTERMhMXt5TY%3D"}]}
Reporting-Endpoints: heroku-nel=https://nel.heroku.com/reports?ts=1705039546&sid=c4c9725f-1ab0-44d8-820f-430df2718e11&s=n92GF9%2BI9dw0BW3vwITjGSnWsobs0ICaTERMhMXt5TY%3D
Nel: {"report_to":"heroku-nel","max_age":3600,"success_fraction":0.005,"failure_fraction":0.05,"response_headers":["Via"]}
X-Powered-By: Express
Access-Control-Allow-Origin: *
Etag: W/"33-YLZr6Ds+cXDKs2oDC5blbWMrTW8"
Via: 1.1 vegur
CF-Cache-Status: DYNAMIC
Server: cloudflare
CF-RAY: 844335ac2df6ab44-SIN

{
    "id": "860",
    "createdAt": "2024-01-12T06:05:46.525Z"
}
]]></system-out>
  </testcase>
  <testcase name="testCreateUser" classname="api.test.UserTest" time="0.642">
    <system-out><![CDATA[HTTP/1.1 201 Created
Date: Fri, 12 Jan 2024 06:05:47 GMT
Content-Type: application/json; charset=utf-8
Content-Length: 51
Connection: keep-alive
Report-To: {"group":"heroku-nel","max_age":3600,"endpoints":[{"url":"https://nel.heroku.com/reports?ts=1705039547&sid=c4c9725f-1ab0-44d8-820f-430df2718e11&s=EkRpm9rNl21xzkwnUqMeaukFYojDk3GFT2SYUAzaa3E%3D"}]}
Reporting-Endpoints: heroku-nel=https://nel.heroku.com/reports?ts=1705039547&sid=c4c9725f-1ab0-44d8-820f-430df2718e11&s=EkRpm9rNl21xzkwnUqMeaukFYojDk3GFT2SYUAzaa3E%3D
Nel: {"report_to":"heroku-nel","max_age":3600,"success_fraction":0.005,"failure_fraction":0.05,"response_headers":["Via"]}
X-Powered-By: Express
Access-Control-Allow-Origin: *
Etag: W/"33-GglsFb3JDd47lzkVumq4MtEmSgQ"
Via: 1.1 vegur
CF-Cache-Status: DYNAMIC
Server: cloudflare
CF-RAY: 844335b30bd718f4-SIN

{
    "id": "709",
    "createdAt": "2024-01-12T06:05:47.636Z"
}
]]></system-out>
  </testcase>
  <testcase name="testGETUser" classname="api.test.UserTest" time="0.394">
    <system-out><![CDATA[HTTP/1.1 200 OK
Date: Fri, 12 Jan 2024 06:05:48 GMT
Content-Type: application/json; charset=utf-8
Transfer-Encoding: chunked
Connection: keep-alive
Report-To: {"group":"heroku-nel","max_age":3600,"endpoints":[{"url":"https://nel.heroku.com/reports?ts=1705038149&sid=c4c9725f-1ab0-44d8-820f-430df2718e11&s=9H6If3kDi2ybVohDoqn6AEYDLo4cSJaHTHaVmGGKGUc%3D"}]}
Reporting-Endpoints: heroku-nel=https://nel.heroku.com/reports?ts=1705038149&sid=c4c9725f-1ab0-44d8-820f-430df2718e11&s=9H6If3kDi2ybVohDoqn6AEYDLo4cSJaHTHaVmGGKGUc%3D
Nel: {"report_to":"heroku-nel","max_age":3600,"success_fraction":0.005,"failure_fraction":0.05,"response_headers":["Via"]}
X-Powered-By: Express
Access-Control-Allow-Origin: *
Etag: W/"118-pbdwwFo9SKNhD3Lx5iHJyngpq00"
Via: 1.1 vegur
Cache-Control: max-age=14400
CF-Cache-Status: HIT
Age: 1399
Vary: Accept-Encoding
Server: cloudflare
CF-RAY: 844335b79ef01910-SIN
Content-Encoding: gzip

{
    "data": {
        "id": 2,
        "email": "janet.weaver@reqres.in",
        "first_name": "Janet",
        "last_name": "Weaver",
        "avatar": "https://reqres.in/img/faces/2-image.jpg"
    },
    "support": {
        "url": "https://reqres.in/#support-heading",
        "text": "To keep ReqRes free, contributions towards server costs are appreciated!"
    }
}
]]></system-out>
  </testcase>
  <testcase name="testUpdateUser" classname="api.test.UserTest" time="0.649">
    <system-out><![CDATA[HTTP/1.1 200 OK
Date: Fri, 12 Jan 2024 06:05:48 GMT
Content-Type: application/json; charset=utf-8
Content-Length: 40
Connection: keep-alive
Report-To: {"group":"heroku-nel","max_age":3600,"endpoints":[{"url":"https://nel.heroku.com/reports?ts=1705039548&sid=c4c9725f-1ab0-44d8-820f-430df2718e11&s=zWSDv6V6C%2BGRqwiW0pbtO2MyUz3%2FJTZLb1W%2BaSwX0vU%3D"}]}
Reporting-Endpoints: heroku-nel=https://nel.heroku.com/reports?ts=1705039548&sid=c4c9725f-1ab0-44d8-820f-430df2718e11&s=zWSDv6V6C%2BGRqwiW0pbtO2MyUz3%2FJTZLb1W%2BaSwX0vU%3D
Nel: {"report_to":"heroku-nel","max_age":3600,"success_fraction":0.005,"failure_fraction":0.05,"response_headers":["Via"]}
X-Powered-By: Express
Access-Control-Allow-Origin: *
Etag: W/"28-3jqPgjpOgDPG/Yke6E4RsNsCz3o"
Via: 1.1 vegur
CF-Cache-Status: DYNAMIC
Vary: Accept-Encoding
Server: cloudflare
CF-RAY: 844335b99b384977-SIN

{
    "updatedAt": "2024-01-12T06:05:48.683Z"
}
]]></system-out>
  </testcase>
  <testcase name="testDeleteUser" classname="api.test.UserTest" time="0.68">
    <system-out><![CDATA[HTTP/1.1 204 No Content
Date: Fri, 12 Jan 2024 06:05:49 GMT
Content-Length: 0
Connection: keep-alive
Report-To: {"group":"heroku-nel","max_age":3600,"endpoints":[{"url":"https://nel.heroku.com/reports?ts=1705039549&sid=c4c9725f-1ab0-44d8-820f-430df2718e11&s=6jeBtxo7HlYJV%2B%2BwtEuFMlOvWJUkSQrQ%2FlgizvXKd%2FA%3D"}]}
Reporting-Endpoints: heroku-nel=https://nel.heroku.com/reports?ts=1705039549&sid=c4c9725f-1ab0-44d8-820f-430df2718e11&s=6jeBtxo7HlYJV%2B%2BwtEuFMlOvWJUkSQrQ%2FlgizvXKd%2FA%3D
Nel: {"report_to":"heroku-nel","max_age":3600,"success_fraction":0.005,"failure_fraction":0.05,"response_headers":["Via"]}
X-Powered-By: Express
Access-Control-Allow-Origin: *
Etag: W/"2-vyGp6PvFo4RvsFtPoIWeCReyIC8"
Via: 1.1 vegur
CF-Cache-Status: DYNAMIC
Server: cloudflare
CF-RAY: 844335bdd8235f76-SIN
]]></system-out>
  </testcase>
</testsuite>