<?xml version="1.0" encoding="UTF-8"?>
<testng-results ignored="0" total="14" passed="14" failed="0" skipped="0">
  <reporter-output>
  </reporter-output>
  <suite started-at="2024-01-12T11:27:46 IST" name="Suite" finished-at="2024-01-12T11:28:00 IST" duration-ms="14124">
    <groups>
    </groups>
    <test started-at="2024-01-12T11:27:46 IST" name="Test" finished-at="2024-01-12T11:28:00 IST" duration-ms="14124">
      <class name="api.test.UserTest">
        <test-method is-config="true" signature="bodySetupdata()[pri:0, instance:api.test.UserTest@515aebb0]" started-at="2024-01-12T11:27:58 IST" name="bodySetupdata" finished-at="2024-01-12T11:27:58 IST" duration-ms="329" status="PASS">
          <reporter-output>
          </reporter-output>
        </test-method> <!-- bodySetupdata -->
        <test-method signature="testCreateUser()[pri:1, instance:api.test.UserTest@515aebb0]" started-at="2024-01-12T11:27:58 IST" name="testCreateUser" finished-at="2024-01-12T11:27:59 IST" duration-ms="678" status="PASS">
          <reporter-output>
          </reporter-output>
        </test-method> <!-- testCreateUser -->
        <test-method signature="testGETUser()[pri:2, instance:api.test.UserTest@515aebb0]" started-at="2024-01-12T11:27:59 IST" name="testGETUser" finished-at="2024-01-12T11:27:59 IST" duration-ms="317" status="PASS">
          <reporter-output>
          </reporter-output>
        </test-method> <!-- testGETUser -->
        <test-method signature="testUpdateUser()[pri:3, instance:api.test.UserTest@515aebb0]" started-at="2024-01-12T11:27:59 IST" name="testUpdateUser" finished-at="2024-01-12T11:28:00 IST" duration-ms="615" status="PASS">
          <reporter-output>
          </reporter-output>
        </test-method> <!-- testUpdateUser -->
        <test-method signature="testDeleteUser()[pri:4, instance:api.test.UserTest@515aebb0]" started-at="2024-01-12T11:28:00 IST" name="testDeleteUser" finished-at="2024-01-12T11:28:00 IST" duration-ms="647" status="PASS">
          <reporter-output>
          </reporter-output>
        </test-method> <!-- testDeleteUser -->
      </class> <!-- api.test.UserTest -->
      <class name="api.test.DataDrivenTest">
        <test-method signature="testCreateUser(java.lang.String,java.lang.String)[pri:1, instance:api.test.DataDrivenTest@1a451d4d]" started-at="2024-01-12T11:27:49 IST" name="testCreateUser" data-provider="userData" finished-at="2024-01-12T11:27:52 IST" duration-ms="2914" status="PASS">
          <params>
            <param index="0">
              <value>
                <![CDATA[Ajay Shelke]]>
              </value>
            </param>
            <param index="1">
              <value>
                <![CDATA[Leader]]>
              </value>
            </param>
          </params>
          <reporter-output>
          </reporter-output>
        </test-method> <!-- testCreateUser -->
        <test-method signature="testCreateUser(java.lang.String,java.lang.String)[pri:1, instance:api.test.DataDrivenTest@1a451d4d]" started-at="2024-01-12T11:27:52 IST" name="testCreateUser" data-provider="userData" finished-at="2024-01-12T11:27:52 IST" duration-ms="635" status="PASS">
          <params>
            <param index="0">
              <value>
                <![CDATA[Akshay S]]>
              </value>
            </param>
            <param index="1">
              <value>
                <![CDATA[Technlogy Leader]]>
              </value>
            </param>
          </params>
          <reporter-output>
          </reporter-output>
        </test-method> <!-- testCreateUser -->
        <test-method signature="testCreateUser(java.lang.String,java.lang.String)[pri:1, instance:api.test.DataDrivenTest@1a451d4d]" started-at="2024-01-12T11:27:52 IST" name="testCreateUser" data-provider="userData" finished-at="2024-01-12T11:27:53 IST" duration-ms="648" status="PASS">
          <params>
            <param index="0">
              <value>
                <![CDATA[Vikas Gupta]]>
              </value>
            </param>
            <param index="1">
              <value>
                <![CDATA[Manager]]>
              </value>
            </param>
          </params>
          <reporter-output>
          </reporter-output>
        </test-method> <!-- testCreateUser -->
        <test-method signature="testCreateUser(java.lang.String,java.lang.String)[pri:1, instance:api.test.DataDrivenTest@1a451d4d]" started-at="2024-01-12T11:27:53 IST" name="testCreateUser" data-provider="userData" finished-at="2024-01-12T11:27:54 IST" duration-ms="659" status="PASS">
          <params>
            <param index="0">
              <value>
                <![CDATA[Sunny S]]>
              </value>
            </param>
            <param index="1">
              <value>
                <![CDATA[Engineer]]>
              </value>
            </param>
          </params>
          <reporter-output>
          </reporter-output>
        </test-method> <!-- testCreateUser -->
        <test-method signature="testCreateUser(java.lang.String,java.lang.String)[pri:1, instance:api.test.DataDrivenTest@1a451d4d]" started-at="2024-01-12T11:27:54 IST" name="testCreateUser" data-provider="userData" finished-at="2024-01-12T11:27:54 IST" duration-ms="617" status="PASS">
          <params>
            <param index="0">
              <value>
                <![CDATA[Amruta K]]>
              </value>
            </param>
            <param index="1">
              <value>
                <![CDATA[TA]]>
              </value>
            </param>
          </params>
          <reporter-output>
          </reporter-output>
        </test-method> <!-- testCreateUser -->
        <test-method signature="testCreateUser(java.lang.String)[pri:2, instance:api.test.DataDrivenTest@1a451d4d]" started-at="2024-01-12T11:27:54 IST" name="testCreateUser" data-provider="userNames" finished-at="2024-01-12T11:27:55 IST" duration-ms="638" status="PASS">
          <params>
            <param index="0">
              <value>
                <![CDATA[Ajay Shelke]]>
              </value>
            </param>
          </params>
          <reporter-output>
          </reporter-output>
        </test-method> <!-- testCreateUser -->
        <test-method signature="testCreateUser(java.lang.String)[pri:2, instance:api.test.DataDrivenTest@1a451d4d]" started-at="2024-01-12T11:27:55 IST" name="testCreateUser" data-provider="userNames" finished-at="2024-01-12T11:27:56 IST" duration-ms="642" status="PASS">
          <params>
            <param index="0">
              <value>
                <![CDATA[Akshay S]]>
              </value>
            </param>
          </params>
          <reporter-output>
          </reporter-output>
        </test-method> <!-- testCreateUser -->
        <test-method signature="testCreateUser(java.lang.String)[pri:2, instance:api.test.DataDrivenTest@1a451d4d]" started-at="2024-01-12T11:27:56 IST" name="testCreateUser" data-provider="userNames" finished-at="2024-01-12T11:27:56 IST" duration-ms="646" status="PASS">
          <params>
            <param index="0">
              <value>
                <![CDATA[Vikas Gupta]]>
              </value>
            </param>
          </params>
          <reporter-output>
          </reporter-output>
        </test-method> <!-- testCreateUser -->
        <test-method signature="testCreateUser(java.lang.String)[pri:2, instance:api.test.DataDrivenTest@1a451d4d]" started-at="2024-01-12T11:27:56 IST" name="testCreateUser" data-provider="userNames" finished-at="2024-01-12T11:27:57 IST" duration-ms="625" status="PASS">
          <params>
            <param index="0">
              <value>
                <![CDATA[Sunny S]]>
              </value>
            </param>
          </params>
          <reporter-output>
          </reporter-output>
        </test-method> <!-- testCreateUser -->
        <test-method signature="testCreateUser(java.lang.String)[pri:2, instance:api.test.DataDrivenTest@1a451d4d]" started-at="2024-01-12T11:27:57 IST" name="testCreateUser" data-provider="userNames" finished-at="2024-01-12T11:27:58 IST" duration-ms="642" status="PASS">
          <params>
            <param index="0">
              <value>
                <![CDATA[Amruta K]]>
              </value>
            </param>
          </params>
          <reporter-output>
          </reporter-output>
        </test-method> <!-- testCreateUser -->
      </class> <!-- api.test.DataDrivenTest -->
    </test> <!-- Test -->
  </suite> <!-- Suite -->
</testng-results>
