<?xml version="1.0" encoding="UTF-8"?>
<testng-results ignored="0" total="10" passed="10" failed="0" skipped="0">
  <reporter-output>
  </reporter-output>
  <suite started-at="2024-02-16T15:57:49 IST" name="Default suite" finished-at="2024-02-16T15:58:02 IST" duration-ms="13246">
    <groups>
    </groups>
    <test started-at="2024-02-16T15:57:49 IST" name="Default test" finished-at="2024-02-16T15:58:02 IST" duration-ms="13246">
      <class name="api.test.DataDrivenTest">
        <test-method signature="testCreateUser(java.lang.String,java.lang.String)[pri:1, instance:api.test.DataDrivenTest@7334aada]" started-at="2024-02-16T15:57:52 IST" name="testCreateUser" data-provider="userData" finished-at="2024-02-16T15:57:56 IST" duration-ms="4583" status="PASS">
          <params>
            <param index="0">
              <value>
                <![CDATA[Ajay Shelke]]>
              </value>
            </param>
            <param index="1">
              <value>
                <![CDATA[Leader]]>
              </value>
            </param>
          </params>
          <reporter-output>
          </reporter-output>
        </test-method> <!-- testCreateUser -->
        <test-method signature="testCreateUser(java.lang.String,java.lang.String)[pri:1, instance:api.test.DataDrivenTest@7334aada]" started-at="2024-02-16T15:57:56 IST" name="testCreateUser" data-provider="userData" finished-at="2024-02-16T15:57:57 IST" duration-ms="507" status="PASS">
          <params>
            <param index="0">
              <value>
                <![CDATA[Akshay S]]>
              </value>
            </param>
            <param index="1">
              <value>
                <![CDATA[Technlogy Leader]]>
              </value>
            </param>
          </params>
          <reporter-output>
          </reporter-output>
        </test-method> <!-- testCreateUser -->
        <test-method signature="testCreateUser(java.lang.String,java.lang.String)[pri:1, instance:api.test.DataDrivenTest@7334aada]" started-at="2024-02-16T15:57:57 IST" name="testCreateUser" data-provider="userData" finished-at="2024-02-16T15:57:57 IST" duration-ms="568" status="PASS">
          <params>
            <param index="0">
              <value>
                <![CDATA[Vikas Gupta]]>
              </value>
            </param>
            <param index="1">
              <value>
                <![CDATA[Manager]]>
              </value>
            </param>
          </params>
          <reporter-output>
          </reporter-output>
        </test-method> <!-- testCreateUser -->
        <test-method signature="testCreateUser(java.lang.String,java.lang.String)[pri:1, instance:api.test.DataDrivenTest@7334aada]" started-at="2024-02-16T15:57:57 IST" name="testCreateUser" data-provider="userData" finished-at="2024-02-16T15:57:58 IST" duration-ms="498" status="PASS">
          <params>
            <param index="0">
              <value>
                <![CDATA[Sunny S]]>
              </value>
            </param>
            <param index="1">
              <value>
                <![CDATA[Engineer]]>
              </value>
            </param>
          </params>
          <reporter-output>
          </reporter-output>
        </test-method> <!-- testCreateUser -->
        <test-method signature="testCreateUser(java.lang.String,java.lang.String)[pri:1, instance:api.test.DataDrivenTest@7334aada]" started-at="2024-02-16T15:57:58 IST" name="testCreateUser" data-provider="userData" finished-at="2024-02-16T15:57:58 IST" duration-ms="484" status="PASS">
          <params>
            <param index="0">
              <value>
                <![CDATA[Amruta K]]>
              </value>
            </param>
            <param index="1">
              <value>
                <![CDATA[TA]]>
              </value>
            </param>
          </params>
          <reporter-output>
          </reporter-output>
        </test-method> <!-- testCreateUser -->
        <test-method signature="testCreateUser(java.lang.String)[pri:2, instance:api.test.DataDrivenTest@7334aada]" started-at="2024-02-16T15:57:59 IST" name="testCreateUser" data-provider="userNames" finished-at="2024-02-16T15:57:59 IST" duration-ms="531" status="PASS">
          <params>
            <param index="0">
              <value>
                <![CDATA[Ajay Shelke]]>
              </value>
            </param>
          </params>
          <reporter-output>
          </reporter-output>
        </test-method> <!-- testCreateUser -->
        <test-method signature="testCreateUser(java.lang.String)[pri:2, instance:api.test.DataDrivenTest@7334aada]" started-at="2024-02-16T15:57:59 IST" name="testCreateUser" data-provider="userNames" finished-at="2024-02-16T15:58:00 IST" duration-ms="1158" status="PASS">
          <params>
            <param index="0">
              <value>
                <![CDATA[Akshay S]]>
              </value>
            </param>
          </params>
          <reporter-output>
          </reporter-output>
        </test-method> <!-- testCreateUser -->
        <test-method signature="testCreateUser(java.lang.String)[pri:2, instance:api.test.DataDrivenTest@7334aada]" started-at="2024-02-16T15:58:00 IST" name="testCreateUser" data-provider="userNames" finished-at="2024-02-16T15:58:01 IST" duration-ms="516" status="PASS">
          <params>
            <param index="0">
              <value>
                <![CDATA[Vikas Gupta]]>
              </value>
            </param>
          </params>
          <reporter-output>
          </reporter-output>
        </test-method> <!-- testCreateUser -->
        <test-method signature="testCreateUser(java.lang.String)[pri:2, instance:api.test.DataDrivenTest@7334aada]" started-at="2024-02-16T15:58:01 IST" name="testCreateUser" data-provider="userNames" finished-at="2024-02-16T15:58:01 IST" duration-ms="479" status="PASS">
          <params>
            <param index="0">
              <value>
                <![CDATA[Sunny S]]>
              </value>
            </param>
          </params>
          <reporter-output>
          </reporter-output>
        </test-method> <!-- testCreateUser -->
        <test-method signature="testCreateUser(java.lang.String)[pri:2, instance:api.test.DataDrivenTest@7334aada]" started-at="2024-02-16T15:58:01 IST" name="testCreateUser" data-provider="userNames" finished-at="2024-02-16T15:58:02 IST" duration-ms="494" status="PASS">
          <params>
            <param index="0">
              <value>
                <![CDATA[Amruta K]]>
              </value>
            </param>
          </params>
          <reporter-output>
          </reporter-output>
        </test-method> <!-- testCreateUser -->
      </class> <!-- api.test.DataDrivenTest -->
    </test> <!-- Default test -->
  </suite> <!-- Default suite -->
</testng-results>
